This is pdfTeX, Version 3.1415926-2.5-1.40.14 (TeX Live 2013/Debian) (format=pdflatex 2016.8.29)  31 AUG 2016 21:47
entering extended mode
 restricted \write18 enabled.
 %&-line parsing enabled.
**Ausarbeitung_final.tex
(./Ausarbeitung_final.tex
LaTeX2e <2011/06/27>
Babel <3.9h> and hyphenation patterns for 4 languages loaded.
(/usr/share/texlive/texmf-dist/tex/latex/base/article.cls
Document Class: article 2007/10/19 v1.4h Standard LaTeX document class
(/usr/share/texlive/texmf-dist/tex/latex/base/size11.clo
File: size11.clo 2007/10/19 v1.4h Standard LaTeX file (size option)
)
\c@part=\count79
\c@section=\count80
\c@subsection=\count81
\c@subsubsection=\count82
\c@paragraph=\count83
\c@subparagraph=\count84
\c@figure=\count85
\c@table=\count86
\abovecaptionskip=\skip41
\belowcaptionskip=\skip42
\bibindent=\dimen102
)
(/usr/share/texlive/texmf-dist/tex/latex/appendix/appendix.sty
Package: appendix 2009/09/02 v1.2b extra appendix facilities
\c@@pps=\count87
\c@@ppsavesec=\count88
\c@@ppsaveapp=\count89
)
(/usr/share/texlive/texmf-dist/tex/latex/cite/cite.sty
LaTeX Info: Redefining \cite on input line 302.
LaTeX Info: Redefining \nocite on input line 373.
Package: cite 2010/09/10  v 5.3
)
(/usr/share/texlive/texmf-dist/tex/latex/graphics/graphicx.sty
Package: graphicx 1999/02/16 v1.0f Enhanced LaTeX Graphics (DPC,SPQR)

(/usr/share/texlive/texmf-dist/tex/latex/graphics/keyval.sty
Package: keyval 1999/03/16 v1.13 key=value parser (DPC)
\KV@toks@=\toks14
)
(/usr/share/texlive/texmf-dist/tex/latex/graphics/graphics.sty
Package: graphics 2009/02/05 v1.0o Standard LaTeX Graphics (DPC,SPQR)

(/usr/share/texlive/texmf-dist/tex/latex/graphics/trig.sty
Package: trig 1999/03/16 v1.09 sin cos tan (DPC)
)
(/usr/share/texlive/texmf-dist/tex/latex/latexconfig/graphics.cfg
File: graphics.cfg 2010/04/23 v1.9 graphics configuration of TeX Live
)
Package graphics Info: Driver file: pdftex.def on input line 91.

(/usr/share/texlive/texmf-dist/tex/latex/pdftex-def/pdftex.def
File: pdftex.def 2011/05/27 v0.06d Graphics/color for pdfTeX

(/usr/share/texlive/texmf-dist/tex/generic/oberdiek/infwarerr.sty
Package: infwarerr 2010/04/08 v1.3 Providing info/warning/error messages (HO)
)
(/usr/share/texlive/texmf-dist/tex/generic/oberdiek/ltxcmds.sty
Package: ltxcmds 2011/11/09 v1.22 LaTeX kernel commands for general use (HO)
)
\Gread@gobject=\count90
))
\Gin@req@height=\dimen103
\Gin@req@width=\dimen104
)
(/usr/share/texlive/texmf-dist/tex/latex/hyperref/hyperref.sty
Package: hyperref 2012/11/06 v6.83m Hypertext links for LaTeX

(/usr/share/texlive/texmf-dist/tex/generic/oberdiek/hobsub-hyperref.sty
Package: hobsub-hyperref 2012/05/28 v1.13 Bundle oberdiek, subset hyperref (HO)


(/usr/share/texlive/texmf-dist/tex/generic/oberdiek/hobsub-generic.sty
Package: hobsub-generic 2012/05/28 v1.13 Bundle oberdiek, subset generic (HO)
Package: hobsub 2012/05/28 v1.13 Construct package bundles (HO)
Package hobsub Info: Skipping package `infwarerr' (already loaded).
Package hobsub Info: Skipping package `ltxcmds' (already loaded).
Package: ifluatex 2010/03/01 v1.3 Provides the ifluatex switch (HO)
Package ifluatex Info: LuaTeX not detected.
Package: ifvtex 2010/03/01 v1.5 Detect VTeX and its facilities (HO)
Package ifvtex Info: VTeX not detected.
Package: intcalc 2007/09/27 v1.1 Expandable calculations with integers (HO)
Package: ifpdf 2011/01/30 v2.3 Provides the ifpdf switch (HO)
Package ifpdf Info: pdfTeX in PDF mode is detected.
Package: etexcmds 2011/02/16 v1.5 Avoid name clashes with e-TeX commands (HO)
Package etexcmds Info: Could not find \expanded.
(etexcmds)             That can mean that you are not using pdfTeX 1.50 or
(etexcmds)             that some package has redefined \expanded.
(etexcmds)             In the latter case, load this package earlier.
Package: kvsetkeys 2012/04/25 v1.16 Key value parser (HO)
Package: kvdefinekeys 2011/04/07 v1.3 Define keys (HO)
Package: pdftexcmds 2011/11/29 v0.20 Utility functions of pdfTeX for LuaTeX (HO
)
Package pdftexcmds Info: LuaTeX not detected.
Package pdftexcmds Info: \pdf@primitive is available.
Package pdftexcmds Info: \pdf@ifprimitive is available.
Package pdftexcmds Info: \pdfdraftmode found.
Package: pdfescape 2011/11/25 v1.13 Implements pdfTeX's escape features (HO)
Package: bigintcalc 2012/04/08 v1.3 Expandable calculations on big integers (HO
)
Package: bitset 2011/01/30 v1.1 Handle bit-vector datatype (HO)
Package: uniquecounter 2011/01/30 v1.2 Provide unlimited unique counter (HO)
)
Package hobsub Info: Skipping package `hobsub' (already loaded).
Package: letltxmacro 2010/09/02 v1.4 Let assignment for LaTeX macros (HO)
Package: hopatch 2012/05/28 v1.2 Wrapper for package hooks (HO)
Package: xcolor-patch 2011/01/30 xcolor patch
Package: atveryend 2011/06/30 v1.8 Hooks at the very end of document (HO)
Package atveryend Info: \enddocument detected (standard20110627).
Package: atbegshi 2011/10/05 v1.16 At begin shipout hook (HO)
Package: refcount 2011/10/16 v3.4 Data extraction from label references (HO)
Package: hycolor 2011/01/30 v1.7 Color options for hyperref/bookmark (HO)
)
(/usr/share/texlive/texmf-dist/tex/generic/ifxetex/ifxetex.sty
Package: ifxetex 2010/09/12 v0.6 Provides ifxetex conditional
)
(/usr/share/texlive/texmf-dist/tex/latex/oberdiek/auxhook.sty
Package: auxhook 2011/03/04 v1.3 Hooks for auxiliary files (HO)
)
(/usr/share/texlive/texmf-dist/tex/latex/oberdiek/kvoptions.sty
Package: kvoptions 2011/06/30 v3.11 Key value format for package options (HO)
)
\@linkdim=\dimen105
\Hy@linkcounter=\count91
\Hy@pagecounter=\count92

(/usr/share/texlive/texmf-dist/tex/latex/hyperref/pd1enc.def
File: pd1enc.def 2012/11/06 v6.83m Hyperref: PDFDocEncoding definition (HO)
)
\Hy@SavedSpaceFactor=\count93

(/usr/share/texlive/texmf-dist/tex/latex/latexconfig/hyperref.cfg
File: hyperref.cfg 2002/06/06 v1.2 hyperref configuration of TeXLive
)
Package hyperref Info: Hyper figures OFF on input line 4443.
Package hyperref Info: Link nesting OFF on input line 4448.
Package hyperref Info: Hyper index ON on input line 4451.
Package hyperref Info: Plain pages OFF on input line 4458.
Package hyperref Info: Backreferencing OFF on input line 4463.
Package hyperref Info: Implicit mode ON; LaTeX internals redefined.
Package hyperref Info: Bookmarks ON on input line 4688.
\c@Hy@tempcnt=\count94

(/usr/share/texlive/texmf-dist/tex/latex/url/url.sty
\Urlmuskip=\muskip10
Package: url 2013/09/16  ver 3.4  Verb mode for urls, etc.
)
LaTeX Info: Redefining \url on input line 5041.
\XeTeXLinkMargin=\dimen106
\Fld@menulength=\count95
\Field@Width=\dimen107
\Fld@charsize=\dimen108
Package hyperref Info: Hyper figures OFF on input line 6295.
Package hyperref Info: Link nesting OFF on input line 6300.
Package hyperref Info: Hyper index ON on input line 6303.
Package hyperref Info: backreferencing OFF on input line 6310.
Package hyperref Info: Link coloring OFF on input line 6315.
Package hyperref Info: Link coloring with OCG OFF on input line 6320.
Package hyperref Info: PDF/A mode OFF on input line 6325.
LaTeX Info: Redefining \ref on input line 6365.
LaTeX Info: Redefining \pageref on input line 6369.
\Hy@abspage=\count96
\c@Item=\count97
\c@Hfootnote=\count98
)

Package hyperref Message: Driver (autodetected): hpdftex.

(/usr/share/texlive/texmf-dist/tex/latex/hyperref/hpdftex.def
File: hpdftex.def 2012/11/06 v6.83m Hyperref driver for pdfTeX
\Fld@listcount=\count99
\c@bookmark@seq@number=\count100

(/usr/share/texlive/texmf-dist/tex/latex/oberdiek/rerunfilecheck.sty
Package: rerunfilecheck 2011/04/15 v1.7 Rerun checks for auxiliary files (HO)
Package uniquecounter Info: New unique counter `rerunfilecheck' on input line 2
82.
)
\Hy@SectionHShift=\skip43
)
(/usr/share/texlive/texmf-dist/tex/latex/amsfonts/amsfonts.sty
Package: amsfonts 2013/01/14 v3.01 Basic AMSFonts support
\@emptytoks=\toks15
\symAMSa=\mathgroup4
\symAMSb=\mathgroup5
LaTeX Font Info:    Overwriting math alphabet `\mathfrak' in version `bold'
(Font)                  U/euf/m/n --> U/euf/b/n on input line 106.
)
(/usr/share/texlive/texmf-dist/tex/latex/listings/listings.sty
\lst@mode=\count101
\lst@gtempboxa=\box26
\lst@token=\toks16
\lst@length=\count102
\lst@currlwidth=\dimen109
\lst@column=\count103
\lst@pos=\count104
\lst@lostspace=\dimen110
\lst@width=\dimen111
\lst@newlines=\count105
\lst@lineno=\count106
\lst@maxwidth=\dimen112

(/usr/share/texlive/texmf-dist/tex/latex/listings/lstmisc.sty
File: lstmisc.sty 2013/08/26 1.5b (Carsten Heinz)
\c@lstnumber=\count107
\lst@skipnumbers=\count108
\lst@framebox=\box27
)
(/usr/share/texlive/texmf-dist/tex/latex/listings/listings.cfg
File: listings.cfg 2013/08/26 1.5b listings configuration
))
Package: listings 2013/08/26 1.5b (Carsten Heinz)

(./Ausarbeitung_final.aux)
\openout1 = `Ausarbeitung_final.aux'.

LaTeX Font Info:    Checking defaults for OML/cmm/m/it on input line 9.
LaTeX Font Info:    ... okay on input line 9.
LaTeX Font Info:    Checking defaults for T1/cmr/m/n on input line 9.
LaTeX Font Info:    ... okay on input line 9.
LaTeX Font Info:    Checking defaults for OT1/cmr/m/n on input line 9.
LaTeX Font Info:    ... okay on input line 9.
LaTeX Font Info:    Checking defaults for OMS/cmsy/m/n on input line 9.
LaTeX Font Info:    ... okay on input line 9.
LaTeX Font Info:    Checking defaults for OMX/cmex/m/n on input line 9.
LaTeX Font Info:    ... okay on input line 9.
LaTeX Font Info:    Checking defaults for U/cmr/m/n on input line 9.
LaTeX Font Info:    ... okay on input line 9.
LaTeX Font Info:    Checking defaults for PD1/pdf/m/n on input line 9.
LaTeX Font Info:    ... okay on input line 9.

(/usr/share/texlive/texmf-dist/tex/context/base/supp-pdf.mkii
[Loading MPS to PDF converter (version 2006.09.02).]
\scratchcounter=\count109
\scratchdimen=\dimen113
\scratchbox=\box28
\nofMPsegments=\count110
\nofMParguments=\count111
\everyMPshowfont=\toks17
\MPscratchCnt=\count112
\MPscratchDim=\dimen114
\MPnumerator=\count113
\makeMPintoPDFobject=\count114
\everyMPtoPDFconversion=\toks18
) (/usr/share/texlive/texmf-dist/tex/latex/oberdiek/epstopdf-base.sty
Package: epstopdf-base 2010/02/09 v2.5 Base part for package epstopdf

(/usr/share/texlive/texmf-dist/tex/latex/oberdiek/grfext.sty
Package: grfext 2010/08/19 v1.1 Manage graphics extensions (HO)
)
Package grfext Info: Graphics extension search list:
(grfext)             [.png,.pdf,.jpg,.mps,.jpeg,.jbig2,.jb2,.PNG,.PDF,.JPG,.JPE
G,.JBIG2,.JB2,.eps]
(grfext)             \AppendGraphicsExtensions on input line 452.

(/usr/share/texlive/texmf-dist/tex/latex/latexconfig/epstopdf-sys.cfg
File: epstopdf-sys.cfg 2010/07/13 v1.3 Configuration of (r)epstopdf for TeX Liv
e
))
\AtBeginShipoutBox=\box29
Package hyperref Info: Link coloring OFF on input line 9.

(/usr/share/texlive/texmf-dist/tex/latex/hyperref/nameref.sty
Package: nameref 2012/10/27 v2.43 Cross-referencing by name of section

(/usr/share/texlive/texmf-dist/tex/generic/oberdiek/gettitlestring.sty
Package: gettitlestring 2010/12/03 v1.4 Cleanup title references (HO)
)
\c@section@level=\count115
)
LaTeX Info: Redefining \ref on input line 9.
LaTeX Info: Redefining \pageref on input line 9.
LaTeX Info: Redefining \nameref on input line 9.

(./Ausarbeitung_final.out) (./Ausarbeitung_final.out)
\@outlinefile=\write3
\openout3 = `Ausarbeitung_final.out'.

\c@lstlisting=\count116
LaTeX Font Info:    Try loading font information for U+msa on input line 15.

(/usr/share/texlive/texmf-dist/tex/latex/amsfonts/umsa.fd
File: umsa.fd 2013/01/14 v3.01 AMS symbols A
)
LaTeX Font Info:    Try loading font information for U+msb on input line 15.

(/usr/share/texlive/texmf-dist/tex/latex/amsfonts/umsb.fd
File: umsb.fd 2013/01/14 v3.01 AMS symbols B
)
(./Ausarbeitung_final.toc)
\tf@toc=\write4
\openout4 = `Ausarbeitung_final.toc'.

 [1

{/var/lib/texmf/fonts/map/pdftex/updmap/pdftex.map}] [2] [3]
LaTeX Font Info:    Try loading font information for OMS+cmr on input line 70.
 (/usr/share/texlive/texmf-dist/tex/latex/base/omscmr.fd
File: omscmr.fd 1999/05/25 v2.5h Standard LaTeX font definitions
)
LaTeX Font Info:    Font shape `OMS/cmr/m/n' in size <10.95> not available
(Font)              Font shape `OMS/cmsy/m/n' tried instead on input line 70.
 [4]
[5] <regulatory_network.jpg, id=191, 801.99625pt x 657.45625pt>
File: regulatory_network.jpg Graphic file (type jpg)

<use regulatory_network.jpg>
Package pdftex.def Info: regulatory_network.jpg used on input line 121.
(pdftex.def)             Requested size: 200.49857pt x 164.36366pt.
 <table1.jpg, id=196, 1261.71375pt x 385.44pt>
File: table1.jpg Graphic file (type jpg)

<use table1.jpg>
Package pdftex.def Info: table1.jpg used on input line 129.
(pdftex.def)             Requested size: 315.42766pt x 96.35976pt.
 [6] [7 <./regulatory_network.jpg> <./table1.jpg>]
<regulatory_network_results.jpg, id=224, 983.675pt x 785.93625pt>
File: regulatory_network_results.jpg Graphic file (type jpg)

<use regulatory_network_results.jpg>
Package pdftex.def Info: regulatory_network_results.jpg used on input line 147.

(pdftex.def)             Requested size: 245.91815pt x 196.48358pt.
 [8 <./regulatory_network_results.jpg>]
Underfull \hbox (badness 10000) in paragraph at lines 160--161

 []


Underfull \hbox (badness 10000) in paragraph at lines 164--167

 []


Underfull \hbox (badness 10000) in paragraph at lines 171--172

 []

[9] <odefy.jpg, id=261, 427.21182pt x 242.4427pt>
File: odefy.jpg Graphic file (type jpg)
 <use odefy.jpg>
Package pdftex.def Info: odefy.jpg used on input line 195.
(pdftex.def)             Requested size: 288.0011pt x 163.44937pt.
 [10] [11 <./odefy.jpg>]
LaTeX Font Info:    Try loading font information for OML+cmr on input line 221.

 (/usr/share/texlive/texmf-dist/tex/latex/base/omlcmr.fd
File: omlcmr.fd 1999/05/25 v2.5h Standard LaTeX font definitions
)
LaTeX Font Info:    Font shape `OML/cmr/m/n' in size <10.95> not available
(Font)              Font shape `OML/cmm/m/it' tried instead on input line 221.

Overfull \hbox (1.35376pt too wide) in paragraph at lines 242--243
[][][][][][][][][][][] 
 []


Overfull \hbox (14.4939pt too wide) in paragraph at lines 253--254
[][][][][][][][][][][][][][][][][] 
 []


Overfull \hbox (14.4939pt too wide) in paragraph at lines 254--255
[][][][][][][][][][][][][][][][][] 
 []


Overfull \hbox (21.06396pt too wide) in paragraph at lines 255--256
[][][][][][][][][][][][][][][][][] 
 []


Overfull \hbox (1.35376pt too wide) in paragraph at lines 256--257
[][][][][][][][][][][][][][][][][] 
 []


Overfull \hbox (1.35376pt too wide) in paragraph at lines 257--258
[][][][][][][][][][][][][][][][][] 
 []


Overfull \hbox (7.92383pt too wide) in paragraph at lines 258--259
[][][][][][][][][][][][][][][][][] 
 []

[12]
Overfull \hbox (1.71251pt too wide) in paragraph at lines 261--262
[]\OT1/cmr/m/n/10.95 For the in-di-vid-ual cases (pres-ence of me-dia / log-i-c
al con-nec-tion in boolean
 []


Overfull \hbox (14.4939pt too wide) in paragraph at lines 266--267
[][][][][][][][][][][][][][][][][] 
 []


Overfull \hbox (21.06396pt too wide) in paragraph at lines 267--268
[][][][][][][][][][][][][][][][][] 
 []


Overfull \hbox (7.92383pt too wide) in paragraph at lines 273--274
[][][][][][][][][][][][][][][][][][][] 
 []

<case1.jpg, id=328, 578.16pt x 433.62pt>
File: case1.jpg Graphic file (type jpg)
 <use case1.jpg>
Package pdftex.def Info: case1.jpg used on input line 280.
(pdftex.def)             Requested size: 317.98898pt x 238.49173pt.

Overfull \hbox (14.4939pt too wide) in paragraph at lines 287--288
[][][][][][][][][][][][][][][][][] 
 []


Overfull \hbox (21.06396pt too wide) in paragraph at lines 288--289
[][][][][][][][][][][][][][][][][] 
 []


Overfull \hbox (14.4939pt too wide) in paragraph at lines 294--295
[][][][][][][][][][][][][][][][][][][] 
 []

<case2.jpg, id=330, 578.16pt x 433.62pt>
File: case2.jpg Graphic file (type jpg)
 <use case2.jpg>
Package pdftex.def Info: case2.jpg used on input line 301.
(pdftex.def)             Requested size: 317.98898pt x 238.49173pt.

Overfull \hbox (14.4939pt too wide) in paragraph at lines 308--309
[][][][][][][][][][][][][][][][][] 
 []


Overfull \hbox (21.06396pt too wide) in paragraph at lines 309--310
[][][][][][][][][][][][][][][][][] 
 []

[13]
Overfull \hbox (40.77417pt too wide) in paragraph at lines 315--316
[][][][][][][][][][][][][][][][][][][][][] 
 []

<case3.jpg, id=367, 578.16pt x 433.62pt>
File: case3.jpg Graphic file (type jpg)
 <use case3.jpg>
Package pdftex.def Info: case3.jpg used on input line 323.
(pdftex.def)             Requested size: 317.98898pt x 238.49173pt.

Overfull \hbox (1.35376pt too wide) in paragraph at lines 330--331
[][][][][][][][][][][][][][][][][] 
 []


Overfull \hbox (7.92383pt too wide) in paragraph at lines 331--332
[][][][][][][][][][][][][][][][][] 
 []

[14 <./case1.jpg>]
Overfull \hbox (7.92383pt too wide) in paragraph at lines 337--338
[][][][][][][][][][][][][][][][][][][] 
 []

<case4.jpg, id=386, 578.16pt x 433.62pt>
File: case4.jpg Graphic file (type jpg)
 <use case4.jpg>
Package pdftex.def Info: case4.jpg used on input line 344.
(pdftex.def)             Requested size: 317.98898pt x 238.49173pt.

Overfull \hbox (1.35376pt too wide) in paragraph at lines 351--352
[][][][][][][][][][][][][][][][][] 
 []


Overfull \hbox (7.92383pt too wide) in paragraph at lines 352--353
[][][][][][][][][][][][][][][][][] 
 []

[15 <./case2.jpg>]
Overfull \hbox (14.4939pt too wide) in paragraph at lines 358--359
[][][][][][][][][][][][][][][][][][][] 
 []

<case5.jpg, id=403, 578.16pt x 433.62pt>
File: case5.jpg Graphic file (type jpg)
 <use case5.jpg>
Package pdftex.def Info: case5.jpg used on input line 365.
(pdftex.def)             Requested size: 317.98898pt x 238.49173pt.

Overfull \hbox (1.35376pt too wide) in paragraph at lines 372--373
[][][][][][][][][][][][][][][][][] 
 []

[16 <./case3.jpg>]
Overfull \hbox (7.92383pt too wide) in paragraph at lines 373--374
[][][][][][][][][][][][][][][][][] 
 []


Overfull \hbox (40.77417pt too wide) in paragraph at lines 379--380
[][][][][][][][][][][][][][][][][][][][][] 
 []

<case6.jpg, id=419, 578.16pt x 433.62pt>
File: case6.jpg Graphic file (type jpg)
 <use case6.jpg>
Package pdftex.def Info: case6.jpg used on input line 386.
(pdftex.def)             Requested size: 317.98898pt x 238.49173pt.
 [17 <./case4.jpg>]
Underfull \hbox (badness 10000) in paragraph at lines 394--396

 []

[18 <./case5.jpg>]
Underfull \hbox (badness 10000) in paragraph at lines 397--400

 []

[19 <./case6.jpg>]
Underfull \hbox (badness 10000) in paragraph at lines 408--409

 []


Underfull \hbox (badness 10000) in paragraph at lines 441--442

 []

[20]
Underfull \hbox (badness 10000) in paragraph at lines 443--445

 []


Underfull \hbox (badness 10000) in paragraph at lines 446--448

 []


Underfull \hbox (badness 10000) in paragraph at lines 449--451

 []

[21]
Overfull \hbox (16.50017pt too wide) in paragraph at lines 469--472
\OT1/cmr/m/n/10.95 cor-re-spond-ing to the do-main of $\OML/cmm/m/it/10.95 B[]$
\OT1/cmr/m/n/10.95 , can log-i-cally be in-ter-preted as $([][] \OML/cmm/m/it/1
0.95 x[]\OT1/cmr/m/n/10.95 ) \OMS/cmsy/m/n/10.95 ^
 []


Overfull \hbox (4.22986pt too wide) in paragraph at lines 473--474
\OT1/cmr/m/n/10.95 nodes $\OML/cmm/m/it/10.95 S \OMS/cmsy/m/n/10.95 ^^Z f\OML/c
mm/m/it/10.95 X[]; X[]; :::; X[]\OMS/cmsy/m/n/10.95 g$ \OT1/cmr/m/n/10.95 and t
he end node $\OML/cmm/m/it/10.95 X[]$\OT1/cmr/m/n/10.95 , with each pair $(\OML
/cmm/m/it/10.95 s; X[]\OT1/cmr/m/n/10.95 )\OML/cmm/m/it/10.95 ; s \OMS/cmsy/m/n
/10.95 2
 []

(/usr/share/texlive/texmf-dist/tex/latex/listings/lstlang1.sty
File: lstlang1.sty 2013/08/26 1.5b listings language file
)
Package hyperref Info: bookmark level for unknown lstlisting defaults to 0 on i
nput line 478.
 (./Main.java
[22]
LaTeX Font Info:    Font shape `OMS/cmr/m/it' in size <10.95> not available
(Font)              Font shape `OMS/cmsy/m/n' tried instead on input line 1.
 [23] [24] [25] [26] [27] [28] [29] [30] [31] [32] [33] [34] [35] [36])
[37]
Underfull \hbox (badness 10000) in paragraph at lines 491--492

 []


Underfull \hbox (badness 10000) in paragraph at lines 493--717

 []


Underfull \hbox (badness 10000) in paragraph at lines 493--717

 []


Underfull \hbox (badness 10000) in paragraph at lines 493--717

 []


Underfull \hbox (badness 10000) in paragraph at lines 493--717

 []


Underfull \hbox (badness 10000) in paragraph at lines 493--717

 []


Underfull \hbox (badness 10000) in paragraph at lines 493--717

 []


Underfull \hbox (badness 10000) in paragraph at lines 493--717

 []


Underfull \hbox (badness 10000) in paragraph at lines 493--717

 []


Underfull \hbox (badness 10000) in paragraph at lines 493--717

 []


Underfull \hbox (badness 10000) in paragraph at lines 493--717

 []


Underfull \hbox (badness 10000) in paragraph at lines 493--717

 []


Underfull \hbox (badness 10000) in paragraph at lines 493--717

 []


Underfull \hbox (badness 10000) in paragraph at lines 493--717

 []


Underfull \hbox (badness 10000) in paragraph at lines 493--717

 []


Underfull \hbox (badness 10000) in paragraph at lines 493--717

 []


Underfull \hbox (badness 10000) in paragraph at lines 493--717

 []


Underfull \hbox (badness 10000) in paragraph at lines 493--717

 []


Underfull \hbox (badness 10000) in paragraph at lines 493--717

 []


Underfull \hbox (badness 10000) in paragraph at lines 493--717

 []

[38] [39] [40]
Underfull \hbox (badness 10000) in paragraph at lines 720--961

 []


Underfull \hbox (badness 10000) in paragraph at lines 720--961

 []


Underfull \hbox (badness 10000) in paragraph at lines 720--961

 []


Underfull \hbox (badness 10000) in paragraph at lines 720--961

 []


Underfull \hbox (badness 10000) in paragraph at lines 720--961

 []


Underfull \hbox (badness 10000) in paragraph at lines 720--961

 []


Underfull \hbox (badness 10000) in paragraph at lines 720--961

 []


Underfull \hbox (badness 10000) in paragraph at lines 720--961

 []


Underfull \hbox (badness 10000) in paragraph at lines 720--961

 []


Underfull \hbox (badness 10000) in paragraph at lines 720--961

 []


Underfull \hbox (badness 10000) in paragraph at lines 720--961

 []


Underfull \hbox (badness 10000) in paragraph at lines 720--961

 []


Underfull \hbox (badness 10000) in paragraph at lines 720--961

 []


Underfull \hbox (badness 10000) in paragraph at lines 720--961

 []


Underfull \hbox (badness 10000) in paragraph at lines 720--961

 []


Underfull \hbox (badness 10000) in paragraph at lines 720--961

 []


Underfull \hbox (badness 10000) in paragraph at lines 720--961

 []

[41] [42] [43] [44]
Underfull \hbox (badness 10000) in paragraph at lines 964--965

 []

[45]
Overfull \hbox (0.32399pt too wide) in paragraph at lines 966--975
[][] 
 []

[46] [47] [48] (./Ausarbeitung_final.bbl)
Package atveryend Info: Empty hook `BeforeClearDocument' on input line 1076.
 [49]
Package atveryend Info: Empty hook `AfterLastShipout' on input line 1076.
 (./Ausarbeitung_final.aux)
Package atveryend Info: Executing hook `AtVeryEndDocument' on input line 1076.
Package atveryend Info: Executing hook `AtEndAfterFileList' on input line 1076.

Package rerunfilecheck Info: File `Ausarbeitung_final.out' has not changed.
(rerunfilecheck)             Checksum: 6B4683F53EB506343EB1B911432C7D1C;1440.
Package atveryend Info: Empty hook `AtVeryVeryEnd' on input line 1076.
 ) 
Here is how much of TeX's memory you used:
 7447 strings out of 494985
 110305 string characters out of 6180356
 326619 words of memory out of 5000000
 10012 multiletter control sequences out of 15000+600000
 14839 words of font info for 56 fonts, out of 8000000 for 9000
 36 hyphenation exceptions out of 8191
 29i,8n,43p,682b,1833s stack positions out of 5000i,500n,10000p,200000b,80000s
</usr/share/texlive/texmf-dist/fonts/type1/public/amsfonts/cm/cmbx10.pfb></us
r/share/texlive/texmf-dist/fonts/type1/public/amsfonts/cm/cmbx12.pfb></usr/shar
e/texlive/texmf-dist/fonts/type1/public/amsfonts/cm/cmex10.pfb></usr/share/texl
ive/texmf-dist/fonts/type1/public/amsfonts/cm/cmmi10.pfb></usr/share/texlive/te
xmf-dist/fonts/type1/public/amsfonts/cm/cmmi5.pfb></usr/share/texlive/texmf-dis
t/fonts/type1/public/amsfonts/cm/cmmi6.pfb></usr/share/texlive/texmf-dist/fonts
/type1/public/amsfonts/cm/cmmi8.pfb></usr/share/texlive/texmf-dist/fonts/type1/
public/amsfonts/cm/cmmi9.pfb></usr/share/texlive/texmf-dist/fonts/type1/public/
amsfonts/cm/cmr10.pfb></usr/share/texlive/texmf-dist/fonts/type1/public/amsfont
s/cm/cmr12.pfb></usr/share/texlive/texmf-dist/fonts/type1/public/amsfonts/cm/cm
r17.pfb></usr/share/texlive/texmf-dist/fonts/type1/public/amsfonts/cm/cmr5.pfb>
</usr/share/texlive/texmf-dist/fonts/type1/public/amsfonts/cm/cmr6.pfb></usr/sh
are/texlive/texmf-dist/fonts/type1/public/amsfonts/cm/cmr8.pfb></usr/share/texl
ive/texmf-dist/fonts/type1/public/amsfonts/cm/cmr9.pfb></usr/share/texlive/texm
f-dist/fonts/type1/public/amsfonts/cm/cmsy10.pfb></usr/share/texlive/texmf-dist
/fonts/type1/public/amsfonts/cm/cmsy8.pfb></usr/share/texlive/texmf-dist/fonts/
type1/public/amsfonts/cm/cmsy9.pfb></usr/share/texlive/texmf-dist/fonts/type1/p
ublic/amsfonts/cm/cmti10.pfb></usr/share/texlive/texmf-dist/fonts/type1/public/
amsfonts/cm/cmti9.pfb></usr/share/texlive/texmf-dist/fonts/type1/public/amsfont
s/symbols/msbm10.pfb>
Output written on Ausarbeitung_final.pdf (49 pages, 1118632 bytes).
PDF statistics:
 1176 PDF objects out of 1200 (max. 8388607)
 1081 compressed objects within 11 object streams
 566 named destinations out of 1000 (max. 500000)
 211 words of extra memory for PDF output out of 10000 (max. 10000000)

