\BOOKMARK [1][-]{section.1}{Introduction}{}% 1
\BOOKMARK [2][-]{subsection.1.1}{Background}{section.1}% 2
\BOOKMARK [2][-]{subsection.1.2}{Kirkham paper}{section.1}% 3
\BOOKMARK [3][-]{subsubsection.1.2.1}{Motivation}{subsection.1.2}% 4
\BOOKMARK [3][-]{subsubsection.1.2.2}{Structure}{subsection.1.2}% 5
\BOOKMARK [1][-]{section.2}{Theory}{}% 6
\BOOKMARK [2][-]{subsection.2.1}{General approach to make discrete models continuous}{section.2}% 7
\BOOKMARK [3][-]{subsubsection.2.1.1}{HillCube}{subsection.2.1}% 8
\BOOKMARK [1][-]{section.3}{Practical implementation}{}% 9
\BOOKMARK [2][-]{subsection.3.1}{Investigation of the GRN as boolean network}{section.3}% 10
\BOOKMARK [3][-]{subsubsection.3.1.1}{Identification of stable BMs}{subsection.3.1}% 11
\BOOKMARK [3][-]{subsubsection.3.1.2}{Fixed point analysis of reported networks}{subsection.3.1}% 12
\BOOKMARK [2][-]{subsection.3.2}{Odefying Kirkham}{section.3}% 13
\BOOKMARK [3][-]{subsubsection.3.2.1}{Odefy}{subsection.3.2}% 14
\BOOKMARK [3][-]{subsubsection.3.2.2}{Practical approach to Odefy}{subsection.3.2}% 15
\BOOKMARK [3][-]{subsubsection.3.2.3}{Case study: negative regulation of Runx2 on Dlx5}{subsection.3.2}% 16
\BOOKMARK [3][-]{subsubsection.3.2.4}{Discussion of case study}{subsection.3.2}% 17
\BOOKMARK [3][-]{subsubsection.3.2.5}{Practical aspects Odefy}{subsection.3.2}% 18
\BOOKMARK [1][-]{section.4}{Discussion}{}% 19
\BOOKMARK [1][-]{section*.8}{Appendices}{}% 20
